native-activity/openCVSamplenativeactivity/build/outputs/logs/manifest-merger-debug-report.txt
-- Merging decision tree log ---
manifest
ADDED from src/main/AndroidManifest.xml:2:1-36:12
	package
		ADDED from src/main/AndroidManifest.xml:3:7-50
		INJECTED from src/main/AndroidManifest.xml
		INJECTED from src/main/AndroidManifest.xml
	android:versionName
		ADDED from src/main/AndroidManifest.xml:5:7-32
		INJECTED from src/main/AndroidManifest.xml
		INJECTED from src/main/AndroidManifest.xml
	android:versionCode
		ADDED from src/main/AndroidManifest.xml:4:7-30
		INJECTED from src/main/AndroidManifest.xml
		INJECTED from src/main/AndroidManifest.xml
	xmlns:android
		ADDED from src/main/AndroidManifest.xml:2:11-69
uses-sdk
ADDED from src/main/AndroidManifest.xml:6:5-43
MERGED from [native-activity:openCVLibrary249:unspecified] AndroidManifest.xml:7:5-9:41
	android:targetSdkVersion
		INJECTED from src/main/AndroidManifest.xml
		INJECTED from src/main/AndroidManifest.xml
	android:minSdkVersion
		ADDED from src/main/AndroidManifest.xml:6:15-40
		INJECTED from src/main/AndroidManifest.xml
		INJECTED from src/main/AndroidManifest.xml
application
ADDED from src/main/AndroidManifest.xml:7:5-27:19
	android:label
		ADDED from src/main/AndroidManifest.xml:7:18-50
	android:debuggable
		ADDED from src/main/AndroidManifest.xml:9:18-43
	android:icon
		ADDED from src/main/AndroidManifest.xml:8:18-47
activity#org.opencv.samples.NativeActivity.CvNativeActivity
ADDED from src/main/AndroidManifest.xml:11:9-19:24
	android:screenOrientation
		ADDED from src/main/AndroidManifest.xml:13:19-56
	android:label
		ADDED from src/main/AndroidManifest.xml:12:19-51
	android:configChanges
		ADDED from src/main/AndroidManifest.xml:14:19-69
	android:name
		ADDED from src/main/AndroidManifest.xml:11:19-50
intent-filter#android.intent.action.MAIN+android.intent.category.LAUNCHER
ADDED from src/main/AndroidManifest.xml:15:13-18:33
action#android.intent.action.MAIN
ADDED from src/main/AndroidManifest.xml:16:17-69
	android:name
		ADDED from src/main/AndroidManifest.xml:16:25-66
category#android.intent.category.LAUNCHER
ADDED from src/main/AndroidManifest.xml:17:21-81
	android:name
		ADDED from src/main/AndroidManifest.xml:17:31-78
activity#android.app.NativeActivity
ADDED from src/main/AndroidManifest.xml:20:9-26:20
	android:screenOrientation
		ADDED from src/main/AndroidManifest.xml:22:19-56
	android:label
		ADDED from src/main/AndroidManifest.xml:21:19-51
	android:configChanges
		ADDED from src/main/AndroidManifest.xml:23:19-69
	android:name
		ADDED from src/main/AndroidManifest.xml:20:19-60
meta-data#android.app.lib_name
ADDED from src/main/AndroidManifest.xml:24:13-25:55
	android:value
		ADDED from src/main/AndroidManifest.xml:25:21-52
	android:name
		ADDED from src/main/AndroidManifest.xml:24:24-59
uses-permission#android.permission.CAMERA
ADDED from src/main/AndroidManifest.xml:29:4-63
	android:name
		ADDED from src/main/AndroidManifest.xml:29:21-61
uses-feature#android.hardware.camera
ADDED from src/main/AndroidManifest.xml:31:4-83
	android:required
		ADDED from src/main/AndroidManifest.xml:31:57-81
	android:name
		ADDED from src/main/AndroidManifest.xml:31:18-56
uses-feature#android.hardware.camera.autofocus
ADDED from src/main/AndroidManifest.xml:32:4-93
	android:required
		ADDED from src/main/AndroidManifest.xml:32:67-91
	android:name
		ADDED from src/main/AndroidManifest.xml:32:18-66
uses-feature#android.hardware.camera.front
ADDED from src/main/AndroidManifest.xml:33:4-89
	android:required
		ADDED from src/main/AndroidManifest.xml:33:63-87
	android:name
		ADDED from src/main/AndroidManifest.xml:33:18-62
uses-feature#android.hardware.camera.front.autofocus
ADDED from src/main/AndroidManifest.xml:34:4-99
	android:required
		ADDED from src/main/AndroidManifest.xml:34:73-97
	android:name
		ADDED from src/main/AndroidManifest.xml:34:18-72